[15-Apr-2017 21:34:39 UTC] PHP Warning:  scandir(function-form-tasks): failed to open dir: No such file or directory in /home/ubuntu/workspace/list-upload.php on line 3
[15-Apr-2017 21:34:39 UTC] PHP Stack trace:
[15-Apr-2017 21:34:39 UTC] PHP   1. {main}() /home/ubuntu/workspace/index.php:0
[15-Apr-2017 21:34:39 UTC] PHP   2. require() /home/ubuntu/workspace/index.php:20
[15-Apr-2017 21:34:39 UTC] PHP   3. require() /home/ubuntu/workspace/layout.php:27
[15-Apr-2017 21:34:39 UTC] PHP   4. scandir() /home/ubuntu/workspace/list-upload.php:3
[15-Apr-2017 21:34:39 UTC] PHP Warning:  scandir(): (errno 2): No such file or directory in /home/ubuntu/workspace/list-upload.php on line 3
[15-Apr-2017 21:34:39 UTC] PHP Stack trace:
[15-Apr-2017 21:34:39 UTC] PHP   1. {main}() /home/ubuntu/workspace/index.php:0
[15-Apr-2017 21:34:39 UTC] PHP   2. require() /home/ubuntu/workspace/index.php:20
[15-Apr-2017 21:34:39 UTC] PHP   3. require() /home/ubuntu/workspace/layout.php:27
[15-Apr-2017 21:34:39 UTC] PHP   4. scandir() /home/ubuntu/workspace/list-upload.php:3
[15-Apr-2017 21:34:39 UTC] PHP Warning:  array_slice() expects parameter 1 to be array, boolean given in /home/ubuntu/workspace/list-upload.php on line 4
[15-Apr-2017 21:34:39 UTC] PHP Stack trace:
[15-Apr-2017 21:34:39 UTC] PHP   1. {main}() /home/ubuntu/workspace/index.php:0
[15-Apr-2017 21:34:39 UTC] PHP   2. require() /home/ubuntu/workspace/index.php:20
[15-Apr-2017 21:34:39 UTC] PHP   3. require() /home/ubuntu/workspace/layout.php:27
[15-Apr-2017 21:34:39 UTC] PHP   4. array_slice() /home/ubuntu/workspace/list-upload.php:4
[15-Apr-2017 21:34:39 UTC] PHP Warning:  Invalid argument supplied for foreach() in /home/ubuntu/workspace/list-upload.php on line 7
[15-Apr-2017 21:34:39 UTC] PHP Stack trace:
[15-Apr-2017 21:34:39 UTC] PHP   1. {main}() /home/ubuntu/workspace/index.php:0
[15-Apr-2017 21:34:39 UTC] PHP   2. require() /home/ubuntu/workspace/index.php:20
[15-Apr-2017 21:34:39 UTC] PHP   3. require() /home/ubuntu/workspace/layout.php:27
[15-Apr-2017 21:34:39 UTC] PHP Warning:  sort() expects parameter 1 to be array, null given in /home/ubuntu/workspace/list-upload.php on line 12
[15-Apr-2017 21:34:39 UTC] PHP Stack trace:
[15-Apr-2017 21:34:39 UTC] PHP   1. {main}() /home/ubuntu/workspace/index.php:0
[15-Apr-2017 21:34:39 UTC] PHP   2. require() /home/ubuntu/workspace/index.php:20
[15-Apr-2017 21:34:39 UTC] PHP   3. require() /home/ubuntu/workspace/layout.php:27
[15-Apr-2017 21:34:39 UTC] PHP   4. sort() /home/ubuntu/workspace/list-upload.php:12
[15-Apr-2017 21:34:39 UTC] PHP Warning:  Invalid argument supplied for foreach() in /home/ubuntu/workspace/layout.php on line 28
[15-Apr-2017 21:34:39 UTC] PHP Stack trace:
[15-Apr-2017 21:34:39 UTC] PHP   1. {main}() /home/ubuntu/workspace/index.php:0
[15-Apr-2017 21:34:39 UTC] PHP   2. require() /home/ubuntu/workspace/index.php:20
